{"uuid":"0e5d6010-bc9e-482b-bf50-300a2f73e3fc","historyId":"cc42c2d3ba2df67c84e4399e071a6c7c","fullName":"src/test/resources/features/05_class2.feature:145","labels":[{"name":"tag","value":"UpdateNewClass"},{"name":"host","value":"air.lan"},{"name":"thread","value":"86286@air.lan.main(1)"},{"name":"feature","value":"Class 2 module"},{"name":"story","value":"Check if admin able to update a Class with valid classID and mandatory fields in request body"},{"name":"suite","value":"Class 2 module"},{"name":"testClass","value":"Check if admin able to update a Class with valid classID and mandatory fields in request body"},{"name":"framework","value":"cucumber4jvm"},{"name":"language","value":"java"},{"name":"gherkin_uri","value":"file:///Users/bhagyashri/eclipse-workspace/Team2_ChangeMakers_RestAssuredAPI_LMSHackathon/src/test/resources/features/05_class2.feature"},{"name":"package","value":"src.test.resources.features.05_class2_feature.Class 2 module"}],"links":[],"name":"Check if admin able to update a Class with valid classID and mandatory fields in request body","status":"failed","statusDetails":{"known":false,"muted":false,"flaky":false,"message":"expected [200] but found [401]","trace":"java.lang.AssertionError: expected [200] but found [401]\n\tat org.testng.Assert.fail(Assert.java:111)\n\tat org.testng.Assert.failNotEquals(Assert.java:1578)\n\tat org.testng.Assert.assertEqualsImpl(Assert.java:150)\n\tat org.testng.Assert.assertEquals(Assert.java:132)\n\tat org.testng.Assert.assertEquals(Assert.java:1419)\n\tat org.testng.Assert.assertEquals(Assert.java:1383)\n\tat org.testng.Assert.assertEquals(Assert.java:1429)\n\tat generics.ApiUtils.validateStatusCode(ApiUtils.java:38)\n\tat stepDefinitions.class2Steps.admin_receives_status_for_updateClass(class2Steps.java:365)\n\tat ✽.Admin receives 200 \"OK\" Status for updateClass(file:///Users/bhagyashri/eclipse-workspace/Team2_ChangeMakers_RestAssuredAPI_LMSHackathon/src/test/resources/features/05_class2.feature:147)\n"},"stage":"finished","steps":[{"name":"Given  Admin sets Authorization for class module","status":"passed","statusDetails":{"known":false,"muted":false,"flaky":false},"stage":"finished","steps":[],"attachments":[],"parameters":[],"start":1732658990152,"stop":1732658990152},{"name":"When  Admin creates PUT Request and sends HTTPS Request with valid classId and mandatory fields for updateClass","status":"passed","statusDetails":{"known":false,"muted":false,"flaky":false},"stage":"finished","steps":[],"attachments":[],"parameters":[],"start":1732658990152,"stop":1732658990598},{"name":"Then  Admin receives 200 \"OK\" Status for updateClass","status":"failed","statusDetails":{"known":false,"muted":false,"flaky":false,"message":"expected [200] but found [401]","trace":"java.lang.AssertionError: expected [200] but found [401]\n\tat org.testng.Assert.fail(Assert.java:111)\n\tat org.testng.Assert.failNotEquals(Assert.java:1578)\n\tat org.testng.Assert.assertEqualsImpl(Assert.java:150)\n\tat org.testng.Assert.assertEquals(Assert.java:132)\n\tat org.testng.Assert.assertEquals(Assert.java:1419)\n\tat org.testng.Assert.assertEquals(Assert.java:1383)\n\tat org.testng.Assert.assertEquals(Assert.java:1429)\n\tat generics.ApiUtils.validateStatusCode(ApiUtils.java:38)\n\tat stepDefinitions.class2Steps.admin_receives_status_for_updateClass(class2Steps.java:365)\n\tat ✽.Admin receives 200 \"OK\" Status for updateClass(file:///Users/bhagyashri/eclipse-workspace/Team2_ChangeMakers_RestAssuredAPI_LMSHackathon/src/test/resources/features/05_class2.feature:147)\n"},"stage":"finished","steps":[],"attachments":[],"parameters":[],"start":1732658990599,"stop":1732658990601}],"attachments":[],"parameters":[],"start":1732658990150,"stop":1732658990602}