{"uuid":"140d5d57-7878-4f87-94f5-98d9e2172852","historyId":"bd6a6ab0bb87d60707e7f1b10922ec6","fullName":"src/test/resources/features/05_class2.feature:135","labels":[{"name":"tag","value":"UpdateNewClass"},{"name":"host","value":"air.lan"},{"name":"thread","value":"86286@air.lan.main(1)"},{"name":"feature","value":"Class 2 module"},{"name":"story","value":"Check if admin able to update a class with valid ClassID and all fields in requestBody"},{"name":"suite","value":"Class 2 module"},{"name":"testClass","value":"Check if admin able to update a class with valid ClassID and all fields in requestBody"},{"name":"framework","value":"cucumber4jvm"},{"name":"language","value":"java"},{"name":"gherkin_uri","value":"file:///Users/bhagyashri/eclipse-workspace/Team2_ChangeMakers_RestAssuredAPI_LMSHackathon/src/test/resources/features/05_class2.feature"},{"name":"package","value":"src.test.resources.features.05_class2_feature.Class 2 module"}],"links":[],"name":"Check if admin able to update a class with valid ClassID and all fields in requestBody","status":"failed","statusDetails":{"known":false,"muted":false,"flaky":false,"message":"expected [200] but found [401]","trace":"java.lang.AssertionError: expected [200] but found [401]\n\tat org.testng.Assert.fail(Assert.java:111)\n\tat org.testng.Assert.failNotEquals(Assert.java:1578)\n\tat org.testng.Assert.assertEqualsImpl(Assert.java:150)\n\tat org.testng.Assert.assertEquals(Assert.java:132)\n\tat org.testng.Assert.assertEquals(Assert.java:1419)\n\tat org.testng.Assert.assertEquals(Assert.java:1383)\n\tat org.testng.Assert.assertEquals(Assert.java:1429)\n\tat generics.ApiUtils.validateStatusCode(ApiUtils.java:38)\n\tat stepDefinitions.class2Steps.admin_receives_status_for_updateClass(class2Steps.java:365)\n\tat ✽.Admin receives 200 \"OK\" Status for updateClass(file:///Users/bhagyashri/eclipse-workspace/Team2_ChangeMakers_RestAssuredAPI_LMSHackathon/src/test/resources/features/05_class2.feature:137)\n"},"stage":"finished","steps":[{"name":"Given  Admin sets Authorization for class module","status":"passed","statusDetails":{"known":false,"muted":false,"flaky":false},"stage":"finished","steps":[],"attachments":[],"parameters":[],"start":1732658989142,"stop":1732658989143},{"name":"When  Admin creates PUT Request and sends HTTPS Request with valid classId and all the fields for updateClass","status":"passed","statusDetails":{"known":false,"muted":false,"flaky":false},"stage":"finished","steps":[],"attachments":[],"parameters":[],"start":1732658989143,"stop":1732658989593},{"name":"Then  Admin receives 200 \"OK\" Status for updateClass","status":"failed","statusDetails":{"known":false,"muted":false,"flaky":false,"message":"expected [200] but found [401]","trace":"java.lang.AssertionError: expected [200] but found [401]\n\tat org.testng.Assert.fail(Assert.java:111)\n\tat org.testng.Assert.failNotEquals(Assert.java:1578)\n\tat org.testng.Assert.assertEqualsImpl(Assert.java:150)\n\tat org.testng.Assert.assertEquals(Assert.java:132)\n\tat org.testng.Assert.assertEquals(Assert.java:1419)\n\tat org.testng.Assert.assertEquals(Assert.java:1383)\n\tat org.testng.Assert.assertEquals(Assert.java:1429)\n\tat generics.ApiUtils.validateStatusCode(ApiUtils.java:38)\n\tat stepDefinitions.class2Steps.admin_receives_status_for_updateClass(class2Steps.java:365)\n\tat ✽.Admin receives 200 \"OK\" Status for updateClass(file:///Users/bhagyashri/eclipse-workspace/Team2_ChangeMakers_RestAssuredAPI_LMSHackathon/src/test/resources/features/05_class2.feature:137)\n"},"stage":"finished","steps":[],"attachments":[],"parameters":[],"start":1732658989593,"stop":1732658989601}],"attachments":[],"parameters":[],"start":1732658989141,"stop":1732658989602}