{"uuid":"2514ca10-a820-4744-8666-c6255ec63143","historyId":"696d87f1c8d03cd291e5fca95fc85e35","fullName":"src/test/resources/features/05_class2.feature:195","labels":[{"name":"tag","value":"UpdateClassRecording"},{"name":"host","value":"Dheenathayalans-MacBook-Air.local"},{"name":"thread","value":"44164@Dheenathayalans-MacBook-Air.local.main(1)"},{"name":"feature","value":"Class 2 module"},{"name":"story","value":"Check if admin able to update a Class Recording with invalid data"},{"name":"suite","value":"Class 2 module"},{"name":"testClass","value":"Check if admin able to update a Class Recording with invalid data"},{"name":"framework","value":"cucumber4jvm"},{"name":"language","value":"java"},{"name":"gherkin_uri","value":"file:///Users/mathumathibalakrishnan/eclipse/Mathumathi_2024/Team2_ChangeMakers_RestAssured/src/test/resources/features/05_class2.feature"},{"name":"package","value":"src.test.resources.features.05_class2_feature.Class 2 module"}],"links":[],"name":"Check if admin able to update a Class Recording with invalid data","status":"failed","statusDetails":{"known":false,"muted":false,"flaky":false,"message":"expected [400] but found [200]","trace":"java.lang.AssertionError: expected [400] but found [200]\n\tat org.testng.Assert.fail(Assert.java:111)\n\tat org.testng.Assert.failNotEquals(Assert.java:1578)\n\tat org.testng.Assert.assertEqualsImpl(Assert.java:150)\n\tat org.testng.Assert.assertEquals(Assert.java:132)\n\tat org.testng.Assert.assertEquals(Assert.java:1419)\n\tat org.testng.Assert.assertEquals(Assert.java:1383)\n\tat org.testng.Assert.assertEquals(Assert.java:1429)\n\tat generics.ApiUtils.validateStatusCode(ApiUtils.java:37)\n\tat stepDefinitions.class2Steps.admin_receives_status_for_updateclassrecording(class2Steps.java:416)\n\tat ✽.Admin receives 400 \"Bad Request\" Status for updateClassRecording(file:///Users/mathumathibalakrishnan/eclipse/Mathumathi_2024/Team2_ChangeMakers_RestAssured/src/test/resources/features/05_class2.feature:197)\n"},"stage":"finished","steps":[{"name":"Given  Admin sets Authorization for class module","status":"passed","statusDetails":{"known":false,"muted":false,"flaky":false},"stage":"finished","steps":[],"attachments":[],"parameters":[],"start":1732648919984,"stop":1732648919984},{"name":"When  Admin creates PUT Request and sends HTTPS Request with invalid data for updateClassRecording","status":"passed","statusDetails":{"known":false,"muted":false,"flaky":false},"stage":"finished","steps":[],"attachments":[],"parameters":[],"start":1732648919984,"stop":1732648920126},{"name":"Then  Admin receives 400 \"Bad Request\" Status for updateClassRecording","status":"failed","statusDetails":{"known":false,"muted":false,"flaky":false,"message":"expected [400] but found [200]","trace":"java.lang.AssertionError: expected [400] but found [200]\n\tat org.testng.Assert.fail(Assert.java:111)\n\tat org.testng.Assert.failNotEquals(Assert.java:1578)\n\tat org.testng.Assert.assertEqualsImpl(Assert.java:150)\n\tat org.testng.Assert.assertEquals(Assert.java:132)\n\tat org.testng.Assert.assertEquals(Assert.java:1419)\n\tat org.testng.Assert.assertEquals(Assert.java:1383)\n\tat org.testng.Assert.assertEquals(Assert.java:1429)\n\tat generics.ApiUtils.validateStatusCode(ApiUtils.java:37)\n\tat stepDefinitions.class2Steps.admin_receives_status_for_updateclassrecording(class2Steps.java:416)\n\tat ✽.Admin receives 400 \"Bad Request\" Status for updateClassRecording(file:///Users/mathumathibalakrishnan/eclipse/Mathumathi_2024/Team2_ChangeMakers_RestAssured/src/test/resources/features/05_class2.feature:197)\n"},"stage":"finished","steps":[],"attachments":[],"parameters":[],"start":1732648920126,"stop":1732648920127}],"attachments":[],"parameters":[],"start":1732648919982,"stop":1732648920128}