{"uuid":"3cdd5cc6-f5da-41e3-94b0-4c0c95835684","historyId":"f0e3a17635b9aa661f016de1a877a9c4","fullName":"src/test/resources/features/03_Batch.feature:49","labels":[{"name":"tag","value":"PostNewBatch-(Positive9)"},{"name":"host","value":"Dheenathayalans-MacBook-Air.local"},{"name":"thread","value":"44164@Dheenathayalans-MacBook-Air.local.main(1)"},{"name":"feature","value":"BatchModule : positive flow"},{"name":"story","value":"Check if admin able to create a batch with missing additional fields"},{"name":"suite","value":"BatchModule : positive flow"},{"name":"testClass","value":"Check if admin able to create a batch with missing additional fields"},{"name":"framework","value":"cucumber4jvm"},{"name":"language","value":"java"},{"name":"gherkin_uri","value":"file:///Users/mathumathibalakrishnan/eclipse/Mathumathi_2024/Team2_ChangeMakers_RestAssured/src/test/resources/features/03_Batch.feature"},{"name":"package","value":"src.test.resources.features.03_Batch_feature.BatchModule : positive flow"}],"links":[],"name":"Check if admin able to create a batch with missing additional fields","status":"failed","statusDetails":{"known":false,"muted":false,"flaky":false,"message":"expected [201] but found [400]","trace":"java.lang.AssertionError: expected [201] but found [400]\n\tat org.testng.Assert.fail(Assert.java:111)\n\tat org.testng.Assert.failNotEquals(Assert.java:1578)\n\tat org.testng.Assert.assertEqualsImpl(Assert.java:150)\n\tat org.testng.Assert.assertEquals(Assert.java:132)\n\tat org.testng.Assert.assertEquals(Assert.java:1419)\n\tat org.testng.Assert.assertEquals(Assert.java:1383)\n\tat org.testng.Assert.assertEquals(Assert.java:1429)\n\tat generics.ApiUtils.validateStatusCode(ApiUtils.java:37)\n\tat stepDefinitions.BatchSteps.admin_receives_created_status_for_post2_new_batch_with_status_code_and_response_message(BatchSteps.java:199)\n\tat ✽.Admin receives Created Status for post2 new batch with status code 201 and response message \"Created\"(file:///Users/mathumathibalakrishnan/eclipse/Mathumathi_2024/Team2_ChangeMakers_RestAssured/src/test/resources/features/03_Batch.feature:51)\n"},"stage":"finished","steps":[{"name":"Given  Admin provides valid UserName and PassWord","status":"passed","statusDetails":{"known":false,"muted":false,"flaky":false},"stage":"finished","steps":[],"attachments":[],"parameters":[],"start":1732648906931,"stop":1732648906932},{"name":"When  Admin creates POST Request with missing additional fields","status":"passed","statusDetails":{"known":false,"muted":false,"flaky":false},"stage":"finished","steps":[],"attachments":[],"parameters":[],"start":1732648906932,"stop":1732648907026},{"name":"Then  Admin receives Created Status for post2 new batch with status code 201 and response message \"Created\"","status":"failed","statusDetails":{"known":false,"muted":false,"flaky":false,"message":"expected [201] but found [400]","trace":"java.lang.AssertionError: expected [201] but found [400]\n\tat org.testng.Assert.fail(Assert.java:111)\n\tat org.testng.Assert.failNotEquals(Assert.java:1578)\n\tat org.testng.Assert.assertEqualsImpl(Assert.java:150)\n\tat org.testng.Assert.assertEquals(Assert.java:132)\n\tat org.testng.Assert.assertEquals(Assert.java:1419)\n\tat org.testng.Assert.assertEquals(Assert.java:1383)\n\tat org.testng.Assert.assertEquals(Assert.java:1429)\n\tat generics.ApiUtils.validateStatusCode(ApiUtils.java:37)\n\tat stepDefinitions.BatchSteps.admin_receives_created_status_for_post2_new_batch_with_status_code_and_response_message(BatchSteps.java:199)\n\tat ✽.Admin receives Created Status for post2 new batch with status code 201 and response message \"Created\"(file:///Users/mathumathibalakrishnan/eclipse/Mathumathi_2024/Team2_ChangeMakers_RestAssured/src/test/resources/features/03_Batch.feature:51)\n"},"stage":"finished","steps":[],"attachments":[],"parameters":[],"start":1732648907027,"stop":1732648907109}],"attachments":[],"parameters":[],"start":1732648906929,"stop":1732648907111}