{"uuid":"4cbb3fd0-0b0d-48c9-9ba7-6ed539309f6a","historyId":"5953bec9012e83e76cd5e06b496a2632","fullName":"src/test/resources/features/03_Batch.feature:94","labels":[{"name":"tag","value":"GetBatchByBatchName-(Negative6)"},{"name":"host","value":"Dheenathayalans-MacBook-Air.local"},{"name":"thread","value":"44164@Dheenathayalans-MacBook-Air.local.main(1)"},{"name":"feature","value":"BatchModule : positive flow"},{"name":"story","value":"Check if admin able to retrieve a batch without authorization"},{"name":"suite","value":"BatchModule : positive flow"},{"name":"testClass","value":"Check if admin able to retrieve a batch without authorization"},{"name":"framework","value":"cucumber4jvm"},{"name":"language","value":"java"},{"name":"gherkin_uri","value":"file:///Users/mathumathibalakrishnan/eclipse/Mathumathi_2024/Team2_ChangeMakers_RestAssured/src/test/resources/features/03_Batch.feature"},{"name":"package","value":"src.test.resources.features.03_Batch_feature.BatchModule : positive flow"}],"links":[],"name":"Check if admin able to retrieve a batch without authorization","status":"failed","statusDetails":{"known":false,"muted":false,"flaky":false,"message":"expected [401] but found [200]","trace":"java.lang.AssertionError: expected [401] but found [200]\n\tat org.testng.Assert.fail(Assert.java:111)\n\tat org.testng.Assert.failNotEquals(Assert.java:1578)\n\tat org.testng.Assert.assertEqualsImpl(Assert.java:150)\n\tat org.testng.Assert.assertEquals(Assert.java:132)\n\tat org.testng.Assert.assertEquals(Assert.java:1419)\n\tat org.testng.Assert.assertEquals(Assert.java:1383)\n\tat org.testng.Assert.assertEquals(Assert.java:1429)\n\tat generics.ApiUtils.validateStatusCode(ApiUtils.java:37)\n\tat stepDefinitions.BatchSteps.admin_receives_status_with_error_message_unauthorized_for_get_all_batches(BatchSteps.java:277)\n\tat ✽.Admin receives 401 Status with error message unauthorized for GetAllBatches(file:///Users/mathumathibalakrishnan/eclipse/Mathumathi_2024/Team2_ChangeMakers_RestAssured/src/test/resources/features/03_Batch.feature:96)\n"},"stage":"finished","steps":[{"name":"Given  Admin provides valid UserName and PassWord","status":"passed","statusDetails":{"known":false,"muted":false,"flaky":false},"stage":"finished","steps":[],"attachments":[],"parameters":[],"start":1732648908279,"stop":1732648908280},{"name":"When  Admin creates GET Request with batch Name(Negative6)","status":"passed","statusDetails":{"known":false,"muted":false,"flaky":false},"stage":"finished","steps":[],"attachments":[],"parameters":[],"start":1732648908280,"stop":1732648908505},{"name":"Then  Admin receives 401 Status with error message unauthorized for GetAllBatches","status":"failed","statusDetails":{"known":false,"muted":false,"flaky":false,"message":"expected [401] but found [200]","trace":"java.lang.AssertionError: expected [401] but found [200]\n\tat org.testng.Assert.fail(Assert.java:111)\n\tat org.testng.Assert.failNotEquals(Assert.java:1578)\n\tat org.testng.Assert.assertEqualsImpl(Assert.java:150)\n\tat org.testng.Assert.assertEquals(Assert.java:132)\n\tat org.testng.Assert.assertEquals(Assert.java:1419)\n\tat org.testng.Assert.assertEquals(Assert.java:1383)\n\tat org.testng.Assert.assertEquals(Assert.java:1429)\n\tat generics.ApiUtils.validateStatusCode(ApiUtils.java:37)\n\tat stepDefinitions.BatchSteps.admin_receives_status_with_error_message_unauthorized_for_get_all_batches(BatchSteps.java:277)\n\tat ✽.Admin receives 401 Status with error message unauthorized for GetAllBatches(file:///Users/mathumathibalakrishnan/eclipse/Mathumathi_2024/Team2_ChangeMakers_RestAssured/src/test/resources/features/03_Batch.feature:96)\n"},"stage":"finished","steps":[],"attachments":[],"parameters":[],"start":1732648908506,"stop":1732648908508}],"attachments":[],"parameters":[],"start":1732648908275,"stop":1732648908508}