{"uuid":"b2b579f9-f137-4601-b109-829bc6aa3dd2","historyId":"ff0aea07de0866c2ba93c9b559250f1a","testCaseId":"1eca30e0430b8a992361e543125e8556","fullName":"src/test/resources/features/class2.feature:145","labels":[{"name":"tag","value":"UpdateNewClass"},{"name":"host","value":"Dheenathayalans-MacBook-Air.local"},{"name":"thread","value":"88433@Dheenathayalans-MacBook-Air.local.main(1)"},{"name":"feature","value":"Class 2 module"},{"name":"story","value":"Check if admin able to update a Class with valid classID and mandatory fields in request body"},{"name":"suite","value":"Class 2 module"},{"name":"testClass","value":"Check if admin able to update a Class with valid classID and mandatory fields in request body"},{"name":"framework","value":"cucumber4jvm"},{"name":"language","value":"java"},{"name":"gherkin_uri","value":"file:///Users/mathumathibalakrishnan/eclipse/Mathumathi_2024/Team2_ChangeMakers_RestAssured/src/test/resources/features/class2.feature"},{"name":"package","value":"src.test.resources.features.class2_feature.Class 2 module"}],"links":[],"name":"Check if admin able to update a Class with valid classID and mandatory fields in request body","status":"failed","statusDetails":{"known":false,"muted":false,"flaky":false,"message":"expected [401] but found [400]","trace":"java.lang.AssertionError: expected [401] but found [400]\n\tat org.testng.Assert.fail(Assert.java:111)\n\tat org.testng.Assert.failNotEquals(Assert.java:1578)\n\tat org.testng.Assert.assertEqualsImpl(Assert.java:150)\n\tat org.testng.Assert.assertEquals(Assert.java:132)\n\tat org.testng.Assert.assertEquals(Assert.java:1419)\n\tat org.testng.Assert.assertEquals(Assert.java:1383)\n\tat org.testng.Assert.assertEquals(Assert.java:1429)\n\tat generics.ApiUtils.validateStatusCode(ApiUtils.java:27)\n\tat stepDefinitions.class2Steps.admin_receives_status_for_updateClass(class2Steps.java:365)\n\tat ✽.Admin receives 401 \"Unauthorized\" Status for updateClass(file:///Users/mathumathibalakrishnan/eclipse/Mathumathi_2024/Team2_ChangeMakers_RestAssured/src/test/resources/features/class2.feature:147)\n"},"stage":"finished","steps":[{"name":"Given Admin sets Authorization for class module","status":"passed","statusDetails":{"known":false,"muted":false,"flaky":false},"stage":"finished","steps":[],"attachments":[],"parameters":[],"start":1732345447583,"stop":1732345447584},{"name":"When Admin creates PUT Request and sends HTTPS Request with valid classId and mandatory fields for updateClass","status":"passed","statusDetails":{"known":false,"muted":false,"flaky":false},"stage":"finished","steps":[],"attachments":[],"parameters":[],"start":1732345447584,"stop":1732345447688},{"name":"Then Admin receives 401 \"Unauthorized\" Status for updateClass","status":"failed","statusDetails":{"known":false,"muted":false,"flaky":false,"message":"expected [401] but found [400]","trace":"java.lang.AssertionError: expected [401] but found [400]\n\tat org.testng.Assert.fail(Assert.java:111)\n\tat org.testng.Assert.failNotEquals(Assert.java:1578)\n\tat org.testng.Assert.assertEqualsImpl(Assert.java:150)\n\tat org.testng.Assert.assertEquals(Assert.java:132)\n\tat org.testng.Assert.assertEquals(Assert.java:1419)\n\tat org.testng.Assert.assertEquals(Assert.java:1383)\n\tat org.testng.Assert.assertEquals(Assert.java:1429)\n\tat generics.ApiUtils.validateStatusCode(ApiUtils.java:27)\n\tat stepDefinitions.class2Steps.admin_receives_status_for_updateClass(class2Steps.java:365)\n\tat ✽.Admin receives 401 \"Unauthorized\" Status for updateClass(file:///Users/mathumathibalakrishnan/eclipse/Mathumathi_2024/Team2_ChangeMakers_RestAssured/src/test/resources/features/class2.feature:147)\n"},"stage":"finished","steps":[],"attachments":[],"parameters":[],"start":1732345447688,"stop":1732345447690}],"attachments":[],"parameters":[],"start":1732345447581,"stop":1732345447691}