{"uuid":"dd4af86e-c0cc-43af-8fe8-23927c10fb28","historyId":"5a0792328d231002fbfc2ab6e9f8498b","fullName":"src/test/resources/features/04_class1.feature:20","labels":[{"name":"tag","value":"createclasswithonlymandatory"},{"name":"host","value":"Dheenathayalans-MacBook-Air.local"},{"name":"thread","value":"44164@Dheenathayalans-MacBook-Air.local.main(1)"},{"name":"feature","value":"Class1Module : Positive flow"},{"name":"story","value":"Check if admin is able to create class with only mandatory"},{"name":"suite","value":"Class1Module : Positive flow"},{"name":"testClass","value":"Check if admin is able to create class with only mandatory"},{"name":"framework","value":"cucumber4jvm"},{"name":"language","value":"java"},{"name":"gherkin_uri","value":"file:///Users/mathumathibalakrishnan/eclipse/Mathumathi_2024/Team2_ChangeMakers_RestAssured/src/test/resources/features/04_class1.feature"},{"name":"package","value":"src.test.resources.features.04_class1_feature.Class1Module : Positive flow"}],"links":[],"name":"Check if admin is able to create class with only mandatory","status":"failed","statusDetails":{"known":false,"muted":false,"flaky":false,"message":"expected [201] but found [400]","trace":"java.lang.AssertionError: expected [201] but found [400]\n\tat org.testng.Assert.fail(Assert.java:111)\n\tat org.testng.Assert.failNotEquals(Assert.java:1578)\n\tat org.testng.Assert.assertEqualsImpl(Assert.java:150)\n\tat org.testng.Assert.assertEquals(Assert.java:132)\n\tat org.testng.Assert.assertEquals(Assert.java:1419)\n\tat org.testng.Assert.assertEquals(Assert.java:1383)\n\tat org.testng.Assert.assertEquals(Assert.java:1429)\n\tat generics.ApiUtils.validateStatusCode(ApiUtils.java:37)\n\tat stepDefinitions.class1Steps.admin_receive_status_for_createclass(class1Steps.java:398)\n\tat ✽.Admin receive 201 status for createClass(file:///Users/mathumathibalakrishnan/eclipse/Mathumathi_2024/Team2_ChangeMakers_RestAssured/src/test/resources/features/04_class1.feature:22)\n"},"stage":"finished","steps":[{"name":"Given  Admin sets Authorization for class1 module","status":"passed","statusDetails":{"known":false,"muted":false,"flaky":false},"stage":"finished","steps":[],"attachments":[],"parameters":[],"start":1732648912483,"stop":1732648912483},{"name":"When  Admin creates POST Request with request body for mandatory createClass","status":"passed","statusDetails":{"known":false,"muted":false,"flaky":false},"stage":"finished","steps":[],"attachments":[],"parameters":[],"start":1732648912483,"stop":1732648912599},{"name":"Then  Admin receive 201 status for createClass","status":"failed","statusDetails":{"known":false,"muted":false,"flaky":false,"message":"expected [201] but found [400]","trace":"java.lang.AssertionError: expected [201] but found [400]\n\tat org.testng.Assert.fail(Assert.java:111)\n\tat org.testng.Assert.failNotEquals(Assert.java:1578)\n\tat org.testng.Assert.assertEqualsImpl(Assert.java:150)\n\tat org.testng.Assert.assertEquals(Assert.java:132)\n\tat org.testng.Assert.assertEquals(Assert.java:1419)\n\tat org.testng.Assert.assertEquals(Assert.java:1383)\n\tat org.testng.Assert.assertEquals(Assert.java:1429)\n\tat generics.ApiUtils.validateStatusCode(ApiUtils.java:37)\n\tat stepDefinitions.class1Steps.admin_receive_status_for_createclass(class1Steps.java:398)\n\tat ✽.Admin receive 201 status for createClass(file:///Users/mathumathibalakrishnan/eclipse/Mathumathi_2024/Team2_ChangeMakers_RestAssured/src/test/resources/features/04_class1.feature:22)\n"},"stage":"finished","steps":[],"attachments":[],"parameters":[],"start":1732648912599,"stop":1732648912600}],"attachments":[],"parameters":[],"start":1732648912482,"stop":1732648912600}