{"uuid":"3678eb03-7629-4ada-8f49-dbce71c9dd61","historyId":"e4d3648ee99bad628a1c62a8ba583728","fullName":"src/test/resources/features/Program.feature:45","labels":[{"name":"tag","value":"Program_S7_DeleteProgramByName"},{"name":"host","value":"Dheenathayalans-MacBook-Air.local"},{"name":"thread","value":"15921@Dheenathayalans-MacBook-Air.local.main(1)"},{"name":"feature","value":"ProgramModule"},{"name":"story","value":"Check if Admin able to delete a program with valid programName"},{"name":"suite","value":"ProgramModule"},{"name":"testClass","value":"Check if Admin able to delete a program with valid programName"},{"name":"framework","value":"cucumber4jvm"},{"name":"language","value":"java"},{"name":"gherkin_uri","value":"file:///Users/mathumathibalakrishnan/eclipse/Mathumathi_2024/Team2_ChangeMakers_RestAssured/src/test/resources/features/Program.feature"},{"name":"package","value":"src.test.resources.features.Program_feature.ProgramModule"}],"links":[],"name":"Check if Admin able to delete a program with valid programName","status":"failed","statusDetails":{"known":false,"muted":false,"flaky":false,"message":"expected [200] but found [404]","trace":"java.lang.AssertionError: expected [200] but found [404]\n\tat org.testng.Assert.fail(Assert.java:111)\n\tat org.testng.Assert.failNotEquals(Assert.java:1578)\n\tat org.testng.Assert.assertEqualsImpl(Assert.java:150)\n\tat org.testng.Assert.assertEquals(Assert.java:132)\n\tat org.testng.Assert.assertEquals(Assert.java:1419)\n\tat org.testng.Assert.assertEquals(Assert.java:1383)\n\tat org.testng.Assert.assertEquals(Assert.java:1429)\n\tat generics.ApiUtils.validateStatusCode(ApiUtils.java:27)\n\tat stepDefinitions.ProgramSteps.admin_receives_ok_status_with_message(ProgramSteps.java:189)\n\tat ✽.Admin receives 200 Ok status with message(file:///Users/mathumathibalakrishnan/eclipse/Mathumathi_2024/Team2_ChangeMakers_RestAssured/src/test/resources/features/Program.feature:48)\n"},"stage":"finished","steps":[{"name":"Given  Admin provides valid authentication details","status":"passed","statusDetails":{"known":false,"muted":false,"flaky":false},"stage":"finished","steps":[],"attachments":[],"parameters":[],"start":1732503952491,"stop":1732503952491},{"name":"Given  Admin creates DELETE Request for the LMS API endpoint and valid programName","status":"passed","statusDetails":{"known":false,"muted":false,"flaky":false},"stage":"finished","steps":[],"attachments":[],"parameters":[],"start":1732503952492,"stop":1732503952503},{"name":"When  Admin sends HTTPS DELETE program by programName Request with endpoint","status":"passed","statusDetails":{"known":false,"muted":false,"flaky":false},"stage":"finished","steps":[],"attachments":[],"parameters":[],"start":1732503952504,"stop":1732503952875},{"name":"Then  Admin receives 200 Ok status with message","status":"failed","statusDetails":{"known":false,"muted":false,"flaky":false,"message":"expected [200] but found [404]","trace":"java.lang.AssertionError: expected [200] but found [404]\n\tat org.testng.Assert.fail(Assert.java:111)\n\tat org.testng.Assert.failNotEquals(Assert.java:1578)\n\tat org.testng.Assert.assertEqualsImpl(Assert.java:150)\n\tat org.testng.Assert.assertEquals(Assert.java:132)\n\tat org.testng.Assert.assertEquals(Assert.java:1419)\n\tat org.testng.Assert.assertEquals(Assert.java:1383)\n\tat org.testng.Assert.assertEquals(Assert.java:1429)\n\tat generics.ApiUtils.validateStatusCode(ApiUtils.java:27)\n\tat stepDefinitions.ProgramSteps.admin_receives_ok_status_with_message(ProgramSteps.java:189)\n\tat ✽.Admin receives 200 Ok status with message(file:///Users/mathumathibalakrishnan/eclipse/Mathumathi_2024/Team2_ChangeMakers_RestAssured/src/test/resources/features/Program.feature:48)\n"},"stage":"finished","steps":[],"attachments":[],"parameters":[],"start":1732503952877,"stop":1732503952882}],"attachments":[],"parameters":[],"start":1732503952488,"stop":1732503952885}