{"uuid":"4a1d49b1-a4d5-4074-9a07-6296d59cd191","historyId":"1fae996238854c4ac26a86ac74a0c9d2","fullName":"src/test/resources/features/class2.feature:175","labels":[{"name":"tag","value":"UpdateNewClass"},{"name":"host","value":"Dheenathayalans-MacBook-Air.local"},{"name":"thread","value":"16285@Dheenathayalans-MacBook-Air.local.main(1)"},{"name":"feature","value":"Class 2 module"},{"name":"story","value":"Check if admin able to update a Class with a deleted classID in the endpoint"},{"name":"suite","value":"Class 2 module"},{"name":"testClass","value":"Check if admin able to update a Class with a deleted classID in the endpoint"},{"name":"framework","value":"cucumber4jvm"},{"name":"language","value":"java"},{"name":"gherkin_uri","value":"file:///Users/mathumathibalakrishnan/eclipse/Mathumathi_2024/Team2_ChangeMakers_RestAssured/src/test/resources/features/class2.feature"},{"name":"package","value":"src.test.resources.features.class2_feature.Class 2 module"}],"links":[],"name":"Check if admin able to update a Class with a deleted classID in the endpoint","status":"failed","statusDetails":{"known":false,"muted":false,"flaky":false,"message":"expected [404] but found [200]","trace":"java.lang.AssertionError: expected [404] but found [200]\n\tat org.testng.Assert.fail(Assert.java:111)\n\tat org.testng.Assert.failNotEquals(Assert.java:1578)\n\tat org.testng.Assert.assertEqualsImpl(Assert.java:150)\n\tat org.testng.Assert.assertEquals(Assert.java:132)\n\tat org.testng.Assert.assertEquals(Assert.java:1419)\n\tat org.testng.Assert.assertEquals(Assert.java:1383)\n\tat org.testng.Assert.assertEquals(Assert.java:1429)\n\tat generics.ApiUtils.validateStatusCode(ApiUtils.java:27)\n\tat stepDefinitions.class2Steps.admin_receives_status_for_updateClass(class2Steps.java:365)\n\tat ✽.Admin receives 404 \"Not Found\" Status for updateClass(file:///Users/mathumathibalakrishnan/eclipse/Mathumathi_2024/Team2_ChangeMakers_RestAssured/src/test/resources/features/class2.feature:177)\n"},"stage":"finished","steps":[{"name":"Given  Admin sets Authorization for class module","status":"passed","statusDetails":{"known":false,"muted":false,"flaky":false},"stage":"finished","steps":[],"attachments":[],"parameters":[],"start":1732504539481,"stop":1732504539481},{"name":"When  Admin creates PUT Request and sends HTTPS Request with deleted classId for updateClass","status":"passed","statusDetails":{"known":false,"muted":false,"flaky":false},"stage":"finished","steps":[],"attachments":[],"parameters":[],"start":1732504539481,"stop":1732504539599},{"name":"Then  Admin receives 404 \"Not Found\" Status for updateClass","status":"failed","statusDetails":{"known":false,"muted":false,"flaky":false,"message":"expected [404] but found [200]","trace":"java.lang.AssertionError: expected [404] but found [200]\n\tat org.testng.Assert.fail(Assert.java:111)\n\tat org.testng.Assert.failNotEquals(Assert.java:1578)\n\tat org.testng.Assert.assertEqualsImpl(Assert.java:150)\n\tat org.testng.Assert.assertEquals(Assert.java:132)\n\tat org.testng.Assert.assertEquals(Assert.java:1419)\n\tat org.testng.Assert.assertEquals(Assert.java:1383)\n\tat org.testng.Assert.assertEquals(Assert.java:1429)\n\tat generics.ApiUtils.validateStatusCode(ApiUtils.java:27)\n\tat stepDefinitions.class2Steps.admin_receives_status_for_updateClass(class2Steps.java:365)\n\tat ✽.Admin receives 404 \"Not Found\" Status for updateClass(file:///Users/mathumathibalakrishnan/eclipse/Mathumathi_2024/Team2_ChangeMakers_RestAssured/src/test/resources/features/class2.feature:177)\n"},"stage":"finished","steps":[],"attachments":[],"parameters":[],"start":1732504539600,"stop":1732504539601}],"attachments":[],"parameters":[],"start":1732504539480,"stop":1732504539606}