{"uuid":"6316946b-0591-42b3-8b0e-9935840238e2","historyId":"fc955e895e837d93ba3ea1ec74b869f6","fullName":"src/test/resources/features/Program.feature:28","labels":[{"name":"tag","value":"Program_S4_GetProgramByID"},{"name":"host","value":"Dheenathayalans-MacBook-Air.local"},{"name":"thread","value":"15921@Dheenathayalans-MacBook-Air.local.main(1)"},{"name":"feature","value":"ProgramModule"},{"name":"story","value":"Check if Admin able to retrieve a program with valid program ID"},{"name":"suite","value":"ProgramModule"},{"name":"testClass","value":"Check if Admin able to retrieve a program with valid program ID"},{"name":"framework","value":"cucumber4jvm"},{"name":"language","value":"java"},{"name":"gherkin_uri","value":"file:///Users/mathumathibalakrishnan/eclipse/Mathumathi_2024/Team2_ChangeMakers_RestAssured/src/test/resources/features/Program.feature"},{"name":"package","value":"src.test.resources.features.Program_feature.ProgramModule"}],"links":[],"name":"Check if Admin able to retrieve a program with valid program ID","status":"failed","statusDetails":{"known":false,"muted":false,"flaky":false,"message":"expected [200] but found [401]","trace":"java.lang.AssertionError: expected [200] but found [401]\n\tat org.testng.Assert.fail(Assert.java:111)\n\tat org.testng.Assert.failNotEquals(Assert.java:1578)\n\tat org.testng.Assert.assertEqualsImpl(Assert.java:150)\n\tat org.testng.Assert.assertEquals(Assert.java:132)\n\tat org.testng.Assert.assertEquals(Assert.java:1419)\n\tat org.testng.Assert.assertEquals(Assert.java:1383)\n\tat org.testng.Assert.assertEquals(Assert.java:1429)\n\tat generics.ApiUtils.validateStatusCode(ApiUtils.java:27)\n\tat stepDefinitions.ProgramSteps.admin_receives_ok_status_with_required_program_response_body(ProgramSteps.java:138)\n\tat ✽.Admin receives 200 OK Status with required program response body(file:///Users/mathumathibalakrishnan/eclipse/Mathumathi_2024/Team2_ChangeMakers_RestAssured/src/test/resources/features/Program.feature:30)\n"},"stage":"finished","steps":[{"name":"Given  Admin provides valid authentication details","status":"passed","statusDetails":{"known":false,"muted":false,"flaky":false},"stage":"finished","steps":[],"attachments":[],"parameters":[],"start":1732503951191,"stop":1732503951192},{"name":"When  Admin creates and executes GET rogram with valid program ID Request for the LMS API","status":"passed","statusDetails":{"known":false,"muted":false,"flaky":false},"stage":"finished","steps":[],"attachments":[],"parameters":[],"start":1732503951193,"stop":1732503951659},{"name":"Then  Admin receives 200 OK Status with required program response body","status":"failed","statusDetails":{"known":false,"muted":false,"flaky":false,"message":"expected [200] but found [401]","trace":"java.lang.AssertionError: expected [200] but found [401]\n\tat org.testng.Assert.fail(Assert.java:111)\n\tat org.testng.Assert.failNotEquals(Assert.java:1578)\n\tat org.testng.Assert.assertEqualsImpl(Assert.java:150)\n\tat org.testng.Assert.assertEquals(Assert.java:132)\n\tat org.testng.Assert.assertEquals(Assert.java:1419)\n\tat org.testng.Assert.assertEquals(Assert.java:1383)\n\tat org.testng.Assert.assertEquals(Assert.java:1429)\n\tat generics.ApiUtils.validateStatusCode(ApiUtils.java:27)\n\tat stepDefinitions.ProgramSteps.admin_receives_ok_status_with_required_program_response_body(ProgramSteps.java:138)\n\tat ✽.Admin receives 200 OK Status with required program response body(file:///Users/mathumathibalakrishnan/eclipse/Mathumathi_2024/Team2_ChangeMakers_RestAssured/src/test/resources/features/Program.feature:30)\n"},"stage":"finished","steps":[],"attachments":[],"parameters":[],"start":1732503951669,"stop":1732503951678}],"attachments":[],"parameters":[],"start":1732503951185,"stop":1732503951686}