{"uuid":"ef413f4b-96a0-432a-b481-40c40a5aa983","historyId":"a358306bfa4ac32541ee713c86b9ce87","fullName":"src/test/resources/features/class2.feature:170","labels":[{"name":"tag","value":"UpdateNewClass"},{"name":"host","value":"Dheenathayalans-MacBook-Air.local"},{"name":"thread","value":"16285@Dheenathayalans-MacBook-Air.local.main(1)"},{"name":"feature","value":"Class 2 module"},{"name":"story","value":"Check if admin able to update a Class with a deleted batchID  field  in the request body with other mandatory fields"},{"name":"suite","value":"Class 2 module"},{"name":"testClass","value":"Check if admin able to update a Class with a deleted batchID  field  in the request body with other mandatory fields"},{"name":"framework","value":"cucumber4jvm"},{"name":"language","value":"java"},{"name":"gherkin_uri","value":"file:///Users/mathumathibalakrishnan/eclipse/Mathumathi_2024/Team2_ChangeMakers_RestAssured/src/test/resources/features/class2.feature"},{"name":"package","value":"src.test.resources.features.class2_feature.Class 2 module"}],"links":[],"name":"Check if admin able to update a Class with a deleted batchID  field  in the request body with other mandatory fields","status":"failed","statusDetails":{"known":false,"muted":false,"flaky":false,"message":"expected [400] but found [200]","trace":"java.lang.AssertionError: expected [400] but found [200]\n\tat org.testng.Assert.fail(Assert.java:111)\n\tat org.testng.Assert.failNotEquals(Assert.java:1578)\n\tat org.testng.Assert.assertEqualsImpl(Assert.java:150)\n\tat org.testng.Assert.assertEquals(Assert.java:132)\n\tat org.testng.Assert.assertEquals(Assert.java:1419)\n\tat org.testng.Assert.assertEquals(Assert.java:1383)\n\tat org.testng.Assert.assertEquals(Assert.java:1429)\n\tat generics.ApiUtils.validateStatusCode(ApiUtils.java:27)\n\tat stepDefinitions.class2Steps.admin_receives_status_for_updateClass(class2Steps.java:365)\n\tat ✽.Admin receives 400 \"Bad Request\" Status for updateClass(file:///Users/mathumathibalakrishnan/eclipse/Mathumathi_2024/Team2_ChangeMakers_RestAssured/src/test/resources/features/class2.feature:172)\n"},"stage":"finished","steps":[{"name":"Given  Admin sets Authorization for class module","status":"passed","statusDetails":{"known":false,"muted":false,"flaky":false},"stage":"finished","steps":[],"attachments":[],"parameters":[],"start":1732504539250,"stop":1732504539250},{"name":"When  Admin creates PUT Request and sends HTTPS Request with valid classId and deleted batchID for updateClass","status":"passed","statusDetails":{"known":false,"muted":false,"flaky":false},"stage":"finished","steps":[],"attachments":[],"parameters":[],"start":1732504539250,"stop":1732504539463},{"name":"Then  Admin receives 400 \"Bad Request\" Status for updateClass","status":"failed","statusDetails":{"known":false,"muted":false,"flaky":false,"message":"expected [400] but found [200]","trace":"java.lang.AssertionError: expected [400] but found [200]\n\tat org.testng.Assert.fail(Assert.java:111)\n\tat org.testng.Assert.failNotEquals(Assert.java:1578)\n\tat org.testng.Assert.assertEqualsImpl(Assert.java:150)\n\tat org.testng.Assert.assertEquals(Assert.java:132)\n\tat org.testng.Assert.assertEquals(Assert.java:1419)\n\tat org.testng.Assert.assertEquals(Assert.java:1383)\n\tat org.testng.Assert.assertEquals(Assert.java:1429)\n\tat generics.ApiUtils.validateStatusCode(ApiUtils.java:27)\n\tat stepDefinitions.class2Steps.admin_receives_status_for_updateClass(class2Steps.java:365)\n\tat ✽.Admin receives 400 \"Bad Request\" Status for updateClass(file:///Users/mathumathibalakrishnan/eclipse/Mathumathi_2024/Team2_ChangeMakers_RestAssured/src/test/resources/features/class2.feature:172)\n"},"stage":"finished","steps":[],"attachments":[],"parameters":[],"start":1732504539463,"stop":1732504539468}],"attachments":[],"parameters":[],"start":1732504539248,"stop":1732504539469}