-------------------------------------------------------------------------------
Test set: TestSuite
-------------------------------------------------------------------------------
Tests run: 34, Failures: 4, Errors: 0, Skipped: 0, Time elapsed: 13.60 s <<< FAILURE! -- in TestSuite
apiRunner.TestRunner.runScenario["Check if admin able to retrieve upcoming classes with invalid studentID", "Class 2 module"](22) -- Time elapsed: 0.196 s <<< FAILURE!
java.lang.AssertionError: expected [404] but found [200]
	at org.testng.Assert.fail(Assert.java:111)
	at org.testng.Assert.failNotEquals(Assert.java:1578)
	at org.testng.Assert.assertEqualsImpl(Assert.java:150)
	at org.testng.Assert.assertEquals(Assert.java:132)
	at org.testng.Assert.assertEquals(Assert.java:1419)
	at org.testng.Assert.assertEquals(Assert.java:1383)
	at org.testng.Assert.assertEquals(Assert.java:1429)
	at generics.ApiUtils.validateStatusCode(ApiUtils.java:27)
	at stepDefinitions.class2Steps.admin_receives_status_for_getUpcomingClasses(class2Steps.java:314)
	at ✽.Admin receives 404 "Not Found" Status for getUpcomingClasses(file:///Users/mathumathibalakrishnan/eclipse/Mathumathi_2024/Team2_ChangeMakers_RestAssured/src/test/resources/features/class2.feature:116)

apiRunner.TestRunner.runScenario["Check if admin able to update a Class with valid classID and mandatory fields in request body", "Class 2 module"](28) -- Time elapsed: 0.194 s <<< FAILURE!
java.lang.AssertionError: expected [401] but found [400]
	at org.testng.Assert.fail(Assert.java:111)
	at org.testng.Assert.failNotEquals(Assert.java:1578)
	at org.testng.Assert.assertEqualsImpl(Assert.java:150)
	at org.testng.Assert.assertEquals(Assert.java:132)
	at org.testng.Assert.assertEquals(Assert.java:1419)
	at org.testng.Assert.assertEquals(Assert.java:1383)
	at org.testng.Assert.assertEquals(Assert.java:1429)
	at generics.ApiUtils.validateStatusCode(ApiUtils.java:27)
	at stepDefinitions.class2Steps.admin_receives_status_for_updateClass(class2Steps.java:397)
	at ✽.Admin receives 401 "Unauthorized" Status for updateClass(file:///Users/mathumathibalakrishnan/eclipse/Mathumathi_2024/Team2_ChangeMakers_RestAssured/src/test/resources/features/class2.feature:147)

apiRunner.TestRunner.runScenario["Check if admin able to update a Class with a deleted batchID  field  in the request body with other mandatory fields", "Class 2 module"](33) -- Time elapsed: 0.207 s <<< FAILURE!
java.lang.AssertionError: expected [400] but found [200]
	at org.testng.Assert.fail(Assert.java:111)
	at org.testng.Assert.failNotEquals(Assert.java:1578)
	at org.testng.Assert.assertEqualsImpl(Assert.java:150)
	at org.testng.Assert.assertEquals(Assert.java:132)
	at org.testng.Assert.assertEquals(Assert.java:1419)
	at org.testng.Assert.assertEquals(Assert.java:1383)
	at org.testng.Assert.assertEquals(Assert.java:1429)
	at generics.ApiUtils.validateStatusCode(ApiUtils.java:27)
	at stepDefinitions.class2Steps.admin_receives_status_for_updateClass(class2Steps.java:397)
	at ✽.Admin receives 400 "Bad Request" Status for updateClass(file:///Users/mathumathibalakrishnan/eclipse/Mathumathi_2024/Team2_ChangeMakers_RestAssured/src/test/resources/features/class2.feature:172)

apiRunner.TestRunner.runScenario["Check if admin able to update a Class with a deleted classID in the endpoint", "Class 2 module"](34) -- Time elapsed: 0.272 s <<< FAILURE!
java.lang.AssertionError: expected [404] but found [200]
	at org.testng.Assert.fail(Assert.java:111)
	at org.testng.Assert.failNotEquals(Assert.java:1578)
	at org.testng.Assert.assertEqualsImpl(Assert.java:150)
	at org.testng.Assert.assertEquals(Assert.java:132)
	at org.testng.Assert.assertEquals(Assert.java:1419)
	at org.testng.Assert.assertEquals(Assert.java:1383)
	at org.testng.Assert.assertEquals(Assert.java:1429)
	at generics.ApiUtils.validateStatusCode(ApiUtils.java:27)
	at stepDefinitions.class2Steps.admin_receives_status_for_updateClass(class2Steps.java:397)
	at ✽.Admin receives 404 "Not Found" Status for updateClass(file:///Users/mathumathibalakrishnan/eclipse/Mathumathi_2024/Team2_ChangeMakers_RestAssured/src/test/resources/features/class2.feature:177)

