<?xml version="1.0" encoding="UTF-8"?>
<!-- Generated by org.testng.reporters.JUnitReportReporter -->
<testsuite hostname="Dheenathayalans-MacBook-Air.local" failures="1" tests="25" name="apiRunner.TestRunner" time="3.205" errors="0" timestamp="2024-11-21T21:02:26 EST" skipped="0">
  <testcase classname="apiRunner.TestRunner" name="runScenario" time="0.097"/>
  <system-out/>
  <testcase classname="apiRunner.TestRunner" name="runScenario" time="0.122"/>
  <system-out/>
  <testcase classname="apiRunner.TestRunner" name="runScenario" time="0.115"/>
  <system-out/>
  <testcase classname="apiRunner.TestRunner" name="runScenario" time="0.084"/>
  <system-out/>
  <testcase classname="apiRunner.TestRunner" name="runScenario" time="0.104"/>
  <system-out/>
  <testcase classname="apiRunner.TestRunner" name="runScenario" time="0.104"/>
  <system-out/>
  <testcase classname="apiRunner.TestRunner" name="runScenario" time="0.180"/>
  <system-out/>
  <testcase classname="apiRunner.TestRunner" name="runScenario" time="0.185"/>
  <system-out/>
  <testcase classname="apiRunner.TestRunner" name="runScenario" time="0.113"/>
  <system-out/>
  <testcase classname="apiRunner.TestRunner" name="runScenario" time="0.367"/>
  <system-out/>
  <testcase classname="apiRunner.TestRunner" name="runScenario" time="0.101"/>
  <system-out/>
  <testcase classname="apiRunner.TestRunner" name="runScenario" time="0.111"/>
  <system-out/>
  <testcase classname="apiRunner.TestRunner" name="runScenario" time="0.098"/>
  <system-out/>
  <testcase classname="apiRunner.TestRunner" name="runScenario" time="0.095"/>
  <system-out/>
  <testcase classname="apiRunner.TestRunner" name="runScenario" time="0.095"/>
  <system-out/>
  <testcase classname="apiRunner.TestRunner" name="runScenario" time="0.097"/>
  <system-out/>
  <testcase classname="apiRunner.TestRunner" name="runScenario" time="0.103"/>
  <system-out/>
  <testcase classname="apiRunner.TestRunner" name="runScenario" time="0.098"/>
  <system-out/>
  <testcase classname="apiRunner.TestRunner" name="runScenario" time="0.122"/>
  <system-out/>
  <testcase classname="apiRunner.TestRunner" name="runScenario" time="0.106"/>
  <system-out/>
  <testcase classname="apiRunner.TestRunner" name="runScenario" time="0.126"/>
  <system-out/>
  <testcase classname="apiRunner.TestRunner" name="runScenario" time="0.088"/>
  <system-out/>
  <testcase classname="apiRunner.TestRunner" name="runScenario" time="0.135">
    <failure message="expected [404] but found [200]" type="java.lang.AssertionError">
      <![CDATA[java.lang.AssertionError: expected [404] but found [200]
at org.testng.Assert.fail(Assert.java:99)
at org.testng.Assert.failNotEquals(Assert.java:1037)
at org.testng.Assert.assertEqualsImpl(Assert.java:140)
at org.testng.Assert.assertEquals(Assert.java:122)
at org.testng.Assert.assertEquals(Assert.java:907)
at org.testng.Assert.assertEquals(Assert.java:917)
at generics.ApiUtils.validateStatusCode(ApiUtils.java:27)
at stepDefinitions.class2Steps.admin_receives_status_for_getUpcomingClasses(class2Steps.java:312)
at âœ½.Admin receives 404 "Not Found" Status for getUpcomingClasses(file:///Users/mathumathibalakrishnan/eclipse/Mathumathi_2024/Team2_ChangeMakers_RestAssured/src/test/resources/features/class2.feature:116)
]]>
    </failure>
  </testcase> <!-- runScenario -->
  <system-out/>
  <testcase classname="apiRunner.TestRunner" name="runScenario" time="0.249"/>
  <system-out/>
  <testcase classname="apiRunner.TestRunner" name="runScenario" time="0.110"/>
  <system-out/>
</testsuite> <!-- apiRunner.TestRunner -->
